0 info it worked if it ends with ok
1 verbose cli [ '/usr/local/Cellar/node/0.8.8/bin/node',
1 verbose cli   '/usr/local/bin/npm',
1 verbose cli   'install',
1 verbose cli   '-g',
1 verbose cli   'lessc' ]
2 info using npm@1.1.59
3 info using node@v0.8.8
4 verbose read json /usr/local/share/npm/lib/package.json
5 verbose read json /usr/local/share/npm/lib/package.json
6 verbose cache add [ 'lessc', null ]
7 silly cache add name=undefined spec="lessc" args=["lessc",null]
8 verbose parsed url { pathname: 'lessc', path: 'lessc', href: 'lessc' }
9 silly lockFile 8b3a335c-lessc lessc
10 verbose lock lessc /Users/dthompson/.npm/8b3a335c-lessc.lock
11 silly lockFile 8b3a335c-lessc lessc
12 verbose addNamed [ 'lessc', '' ]
13 verbose addNamed [ null, '' ]
14 silly lockFile a47c36bc-lessc lessc@
15 verbose lock lessc@ /Users/dthompson/.npm/a47c36bc-lessc.lock
16 silly addNameRange { name: 'lessc', range: '', hasData: false }
17 verbose url raw lessc
18 verbose url resolving [ 'https://registry.npmjs.org/', './lessc' ]
19 verbose url resolved https://registry.npmjs.org/lessc
20 info retry registry request attempt 1 at 12:08:29
21 http GET https://registry.npmjs.org/lessc
22 http 404 https://registry.npmjs.org/lessc
23 silly registry.get cb [ 404,
23 silly registry.get   { server: 'CouchDB/1.3.0 (Erlang OTP/R15B03)',
23 silly registry.get     date: 'Tue, 28 May 2013 19:08:21 GMT',
23 silly registry.get     'content-type': 'application/json',
23 silly registry.get     'content-length': '52',
23 silly registry.get     'cache-control': 'must-revalidate' } ]
24 silly lockFile a47c36bc-lessc lessc@
25 error 404 'lessc' is not in the npm registry.
25 error 404 You should bug the author to publish it
25 error 404
25 error 404 Note that you can also install from a
25 error 404 tarball, folder, or http url, or git url.
26 error System Darwin 11.4.2
27 error command "/usr/local/Cellar/node/0.8.8/bin/node" "/usr/local/bin/npm" "install" "-g" "lessc"
28 error cwd /Users/dthompson/projects/tutorials/bootstrap/lib/workshop-files
29 error node -v v0.8.8
30 error npm -v 1.1.59
31 error code E404
32 verbose exit [ 1, true ]
